prepreprocessed text:"100"
post_preprocessed_text:"100"
action classified as:Action (Goal.MOVE), (Direction.LEFT), (None) -> (None)
prepreprocessed text:"the 300"
post_preprocessed_text:"the 300"
action classified as:Action (Goal.MOVE), (None), (None) -> (Point: 300, 4)
prepreprocessed text:"person that you start to cry"
post_preprocessed_text:"person that you start to cry"
action classified as:Action (Goal.MOVE), (Direction.DOWN), (None) -> (None)
prepreprocessed text:"P2"
post_preprocessed_text:"p2"
prepreprocessed text:"P2"
post_preprocessed_text:"p2"
prepreprocessed text:"P2"
post_preprocessed_text:"p2"
prepreprocessed text:"key to"
post_preprocessed_text:"key to"
action classified as:Action (Goal.MOVE), (Direction.LEFT), (None) -> (None)
prepreprocessed text:"P2"
post_preprocessed_text:"p2"
['']
prepreprocessed text:"move the 10 to n6"
post_preprocessed_text:"move the 10 to n6"
prepreprocessed text:"move the 10 to g16"
post_preprocessed_text:"move the 10 to g16"
prepreprocessed text:"move the five to"
post_preprocessed_text:"move the five to"
action classified as:Action (Goal.MOVE), (Direction.LEFT), (None) -> (None)
prepreprocessed text:"05 to Q2"
post_preprocessed_text:" o5 to q2"
action classified as:Action (Goal.MOVE), (Direction.LEFT), (Point: 5, 14) -> (Point: 2, 16)
prepreprocessed text:"move the five"
post_preprocessed_text:"move the five"
action classified as:Action (Goal.MOVE), (Direction.LEFT), (None) -> (None)
prepreprocessed text:"move the five to S5"
post_preprocessed_text:"move the 5 to s5"
action classified as:Action (Goal.MOVE), (Direction.LEFT), (None) -> (Point: 5, 18)
prepreprocessed text:"move the five to B1"
post_preprocessed_text:"move the 5 to b1"
action classified as:Action (Goal.MOVE), (Direction.LEFT), (None) -> (Point: 1, 1)
prepreprocessed text:"move the 10 to A2"
post_preprocessed_text:"move the 10 to a2"
action classified as:Action (Goal.MOVE), (Direction.LEFT), (None) -> (Point: 2, 0)
prepreprocessed text:"move the 10 to M12"
post_preprocessed_text:"move the 10 to m12"
action classified as:Action (Goal.MOVE), (Direction.LEFT), (None) -> (Point: 12, 12)
prepreprocessed text:"move the three to"
post_preprocessed_text:"move the 3 to"
action classified as:Action (Goal.MOVE), (Direction.LEFT), (None) -> (None)
prepreprocessed text:"move the three to"
post_preprocessed_text:"move the 3 to"
action classified as:Action (Goal.MOVE), (Direction.LEFT), (None) -> (None)
prepreprocessed text:"three to q12"
post_preprocessed_text:"3 to q12"
action classified as:Action (Goal.MOVE), (Direction.DOWN), (None) -> (Point: 12, 16)
prepreprocessed text:"move the 20 to"
post_preprocessed_text:"move the 20 to"
action classified as:Action (Goal.MOVE), (Direction.LEFT), (None) -> (None)
prepreprocessed text:"to n6"
post_preprocessed_text:"to n6"
action classified as:Action (Goal.MOVE), (Direction.DOWN), (None) -> (Point: 6, 13)
prepreprocessed text:"22n6"
post_preprocessed_text:"22n6"
action classified as:Action (Goal.MOVE), (Direction.DOWN), (None) -> (None)
prepreprocessed text:"move the three up"
post_preprocessed_text:"move the 3 up"
action classified as:Action (Goal.MOVE), (Direction.UP), (None) -> (None)
prepreprocessed text:"move the three down"
post_preprocessed_text:"move the 3 down"
action classified as:Action (Goal.MOVE), (Direction.DOWN), (None) -> (None)
prepreprocessed text:"move the two up"
post_preprocessed_text:"move the 2 up"
action classified as:Action (Goal.MOVE), (Direction.UP), (None) -> (None)
prepreprocessed text:"move the 30 left"
post_preprocessed_text:"move the 30 left"
action classified as:Action (Goal.MOVE), (Direction.LEFT), (None) -> (None)
prepreprocessed text:"30 to K12"
post_preprocessed_text:"30 to k12"
action classified as:Action (Goal.MOVE), (Direction.DOWN), (None) -> (Point: 12, 10)
prepreprocessed text:"that's"
post_preprocessed_text:"that's"
action classified as:Action (Goal.MOVE), (Direction.LEFT), (None) -> (None)
prepreprocessed text:"move the 10 up"
post_preprocessed_text:"move the 10 up"
action classified as:Action (Goal.MOVE), (Direction.UP), (None/group: 10) -> (None)
prepreprocessed text:"no it's a"
post_preprocessed_text:"no it's a"
action classified as:Action (Goal.MOVE), (Direction.RIGHT), (None/None) -> (None)
prepreprocessed text:"and zero"
post_preprocessed_text:"n0"
action classified as:Action (Goal.MOVE), (Direction.DOWN), (None/None) -> (Point: 0, 13)
prepreprocessed text:"E9"
post_preprocessed_text:"e9"
action classified as:Action (Goal.MOVE), (Direction.LEFT), (None/None) -> (Point: 9, 4)
prepreprocessed text:"d0"
post_preprocessed_text:"d0"
action classified as:Action (Goal.MOVE), (Direction.DOWN), (None/None) -> (Point: 0, 3)
prepreprocessed text:"g0"
post_preprocessed_text:"g0"
action classified as:Action (Goal.MOVE), (Direction.RIGHT), (None/None) -> (Point: 0, 6)
prepreprocessed text:"15 to H4"
post_preprocessed_text:"15 to h4"
action classified as:Action (Goal.MOVE), (Direction.RIGHT), (None/None) -> (Point: 4, 7)
prepreprocessed text:"move"
post_preprocessed_text:"move"
action classified as:Action (Goal.MOVE), (Direction.LEFT), (None/None) -> (None)
prepreprocessed text:"284"
post_preprocessed_text:"2a4"
action classified as:Action (Goal.MOVE), (Direction.LEFT), (None/None) -> (None)
prepreprocessed text:"the 15 to H4"
post_preprocessed_text:"the 15 to h4"
action classified as:Action (Goal.MOVE), (Direction.LEFT), (None/group: 15) -> (Point: 4, 7)
prepreprocessed text:"19 to H4"
post_preprocessed_text:"19 to h4"
action classified as:Action (Goal.MOVE), (Direction.RIGHT), (None/None) -> (Point: 4, 7)
prepreprocessed text:"okay so that's going to have"
post_preprocessed_text:"okay so that's going to have"
action classified as:Action (Goal.MOVE), (Direction.RIGHT), (None/None) -> (None)
prepreprocessed text:"number we have to handle"
post_preprocessed_text:"number we have to hnle"
action classified as:Action (Goal.MOVE), (Direction.LEFT), (None/None) -> (None)
prepreprocessed text:"and just can't be"
post_preprocessed_text:"n just can't be"
action classified as:Action (Goal.MOVE), (Direction.UP), (None/None) -> (None)
prepreprocessed text:"letter"
post_preprocessed_text:"letter"
action classified as:Action (Goal.MOVE), (Direction.LEFT), (None/None) -> (None)
prepreprocessed text:"other animal like it I think it's"
post_preprocessed_text:"other animal like it i think it's"
action classified as:Action (Goal.MOVE), (Direction.RIGHT), (None/None) -> (None)
prepreprocessed text:"word character"
post_preprocessed_text:"word character"
action classified as:Action (Goal.MOVE), (Direction.RIGHT), (None/None) -> (None)
prepreprocessed text:"13 to e0"
post_preprocessed_text:"13 to e0"
action classified as:Action (Goal.MOVE), (Direction.LEFT), (None/group: 13) -> (Point: 0, 4)
prepreprocessed text:"10 to E9"
post_preprocessed_text:"10 to e9"
action classified as:Action (Goal.MOVE), (Direction.LEFT), (None/group: 10) -> (Point: 9, 4)
prepreprocessed text:"so it said this bit here"
post_preprocessed_text:"so it said this bit here"
action classified as:Action (Goal.MOVE), (Direction.RIGHT), (None/None) -> (None)
prepreprocessed text:"c0"
post_preprocessed_text:"c0"
action classified as:Action (Goal.MOVE), (None), (None/None) -> (Point: 0, 2)
prepreprocessed text:"c0"
post_preprocessed_text:"c0"
action classified as:Action (Goal.MOVE), (None), (None/None) -> (Point: 0, 2)
prepreprocessed text:"two down"
post_preprocessed_text:"2 down"
action classified as:Action (Goal.MOVE), (Direction.DOWN), (None/group: 2) -> (None)
prepreprocessed text:"two down"
post_preprocessed_text:"2 down"
action classified as:Action (Goal.MOVE), (Direction.DOWN), (None/group: 2) -> (None)
prepreprocessed text:"14 down"
post_preprocessed_text:"14 down"
action classified as:Action (Goal.MOVE), (Direction.DOWN), (None/group: 14) -> (None)
prepreprocessed text:"2"
post_preprocessed_text:"2"
action classified as:Action (Goal.MOVE), (Direction.LEFT), (None/group: 2) -> (None)
prepreprocessed text:"28 c0"
post_preprocessed_text:"28 c0"
action classified as:Action (Goal.MOVE), (None), (None/group: 28) -> (Point: 0, 2)
prepreprocessed text:"move the"
post_preprocessed_text:"move the"
action classified as:Action (Goal.MOVE), (Direction.LEFT), (None/None) -> (None)
prepreprocessed text:"move the"
post_preprocessed_text:"move the"
action classified as:Action (Goal.MOVE), (Direction.LEFT), (None/None) -> (None)
prepreprocessed text:"do down"
post_preprocessed_text:"do down"
action classified as:Action (Goal.MOVE), (Direction.DOWN), (None/None) -> (None)
prepreprocessed text:"move the 29 right"
post_preprocessed_text:"move the 29 right"
action classified as:Action (Goal.MOVE), (Direction.RIGHT), (None/group: 29) -> (None)
prepreprocessed text:"move the"
post_preprocessed_text:"move the"
action classified as:Action (Goal.MOVE), (Direction.LEFT), (None/None) -> (None)
prepreprocessed text:"two down"
post_preprocessed_text:"2 down"
action classified as:Action (Goal.MOVE), (Direction.DOWN), (None/group: 2) -> (None)
prepreprocessed text:"send the group of 33"
post_preprocessed_text:"send the group of 33"
action classified as:Action (Goal.MOVE), (Direction.UP), (None/group: 33) -> (None)
prepreprocessed text:"send the"
post_preprocessed_text:"send the"
action classified as:Action (Goal.MOVE), (Direction.LEFT), (None/None) -> (None)
prepreprocessed text:"three units to j0"
post_preprocessed_text:"3 units to j0"
action classified as:Action (Goal.MOVE), (None), (None/group: 3) -> (Point: 0, 9)
prepreprocessed text:"it's just like"
post_preprocessed_text:"it's just like"
action classified as:Action (Goal.MOVE), (Direction.LEFT), (None/None) -> (None)
prepreprocessed text:"what"
post_preprocessed_text:"what"
action classified as:Action (Goal.MOVE), (Direction.RIGHT), (None/None) -> (None)
prepreprocessed text:"left move left"
post_preprocessed_text:"left move left"
action classified as:Action (Goal.MOVE), (Direction.LEFT), (None/None) -> (None)
prepreprocessed text:"move left"
post_preprocessed_text:"move left"
action classified as:Action (Goal.MOVE), (Direction.LEFT), (None/None) -> (None)
prepreprocessed text:"go to B8"
post_preprocessed_text:"go to b8"
action classified as:Action (Goal.MOVE), (None), (None/None) -> (Point: 8, 1)
prepreprocessed text:"go to B7"
post_preprocessed_text:"go to b7"
action classified as:Action (Goal.MOVE), (None), (None/None) -> (Point: 7, 1)
prepreprocessed text:"C2"
post_preprocessed_text:"c2"
action classified as:Action (Goal.MOVE), (None), (None/None) -> (Point: 2, 2)
prepreprocessed text:"okay"
post_preprocessed_text:"okay"
action classified as:Action (Goal.MOVE), (Direction.DOWN), (None/None) -> (None)
prepreprocessed text:"D15"
post_preprocessed_text:"d15"
action classified as:Action (Goal.MOVE), (None), (None/None) -> (Point: 15, 3)
prepreprocessed text:"spread out"
post_preprocessed_text:"spread out"
action classified as:Action (Goal.MOVE), (Direction.DOWN), (None/None) -> (None)
prepreprocessed text:"spread out"
post_preprocessed_text:"spread out"
action classified as:Action (Goal.MOVE), (Direction.DOWN), (None/None) -> (None)
prepreprocessed text:"spread out"
post_preprocessed_text:"spread out"
action classified as:Action (Goal.MOVE), (Direction.DOWN), (None/None) -> (None)
prepreprocessed text:"easier"
post_preprocessed_text:"easier"
action classified as:Action (Goal.SPREAD_OUT), (Direction.LEFT), (None/None) -> (None)
prepreprocessed text:"easier"
post_preprocessed_text:"easier"
action classified as:Action (Goal.SPREAD_OUT), (Direction.LEFT), (None/None) -> (None)
prepreprocessed text:"e0"
post_preprocessed_text:"e0"
action classified as:Action (Goal.SPREAD_OUT), (None), (None/None) -> (Point: 0, 4)
prepreprocessed text:"spread out"
post_preprocessed_text:"spread out"
action classified as:Action (Goal.SPREAD_OUT), (Direction.DOWN), (None/None) -> (None)
prepreprocessed text:"q14"
post_preprocessed_text:"q14"
action classified as:Action (Goal.MOVE), (None), (None/None) -> (Point: 14, 16)
prepreprocessed text:"spread out spread out"
post_preprocessed_text:"spread out spread out"
action classified as:Action (Goal.SPREAD_OUT), (Direction.DOWN), (None/None) -> (None)
prepreprocessed text:"spread out"
post_preprocessed_text:"spread out"
action classified as:Action (Goal.SPREAD_OUT), (Direction.DOWN), (None/None) -> (None)
prepreprocessed text:"F10"
post_preprocessed_text:"f10"
action classified as:Action (Goal.MOVE), (None), (None/None) -> (Point: 10, 5)
prepreprocessed text:"S10"
post_preprocessed_text:"s10"
action classified as:Action (Goal.SPREAD_OUT), (None), (None/None) -> (Point: 10, 18)
prepreprocessed text:"moved to S10"
post_preprocessed_text:"moved to s10"
action classified as:Action (Goal.SPREAD_OUT), (None), (None/None) -> (Point: 10, 18)
prepreprocessed text:"my goodness"
post_preprocessed_text:"my goodness"
action classified as:Action (Goal.SPREAD_OUT), (Direction.DOWN), (None/None) -> (None)
prepreprocessed text:"spread out"
post_preprocessed_text:"spread out"
action classified as:Action (Goal.SPREAD_OUT), (Direction.DOWN), (None/None) -> (None)
prepreprocessed text:"oh right"
post_preprocessed_text:"oh right"
action classified as:Action (Goal.SPREAD_OUT), (Direction.RIGHT), (None/None) -> (None)
prepreprocessed text:"c16"
post_preprocessed_text:"c16"
action classified as:Action (Goal.MOVE), (None), (None/None) -> (Point: 16, 2)
prepreprocessed text:"oh right"
post_preprocessed_text:"oh right"
action classified as:Action (Goal.SPREAD_OUT), (Direction.RIGHT), (None/None) -> (None)
prepreprocessed text:"06"
post_preprocessed_text:" o6"
action classified as:Action (Goal.MOVE), (None), (None/None) -> (Point: 6, 14)
prepreprocessed text:"spread out"
post_preprocessed_text:"spread out"
action classified as:Action (Goal.SPREAD_OUT), (Direction.DOWN), (None/None) -> (None)
prepreprocessed text:"spread out"
post_preprocessed_text:"spread out"
action classified as:Action (Goal.SPREAD_OUT), (Direction.DOWN), (None/None) -> (None)
prepreprocessed text:"j14"
post_preprocessed_text:"j14"
action classified as:Action (Goal.MOVE), (None), (None/None) -> (Point: 14, 9)
prepreprocessed text:"j14 spread out"
post_preprocessed_text:"j14 spread out"
action classified as:Action (Goal.SPREAD_OUT), (None), (None/None) -> (Point: 14, 9)
prepreprocessed text:"spread out"
post_preprocessed_text:"spread out"
action classified as:Action (Goal.SPREAD_OUT), (Direction.DOWN), (None/None) -> (None)
prepreprocessed text:"spread out"
post_preprocessed_text:"spread out"
action classified as:Action (Goal.SPREAD_OUT), (Direction.DOWN), (None/None) -> (None)
prepreprocessed text:"okay"
post_preprocessed_text:"okay"
action classified as:Action (Goal.SPREAD_OUT), (Direction.DOWN), (None/None) -> (None)
prepreprocessed text:"14 to g12 G13 to"
post_preprocessed_text:"14 to g12 g13 to"
action classified as:Action (Goal.SPREAD_OUT), (None), (Point: 12, 6/group: 14) -> (Point: 13, 6)
prepreprocessed text:"oh is"
post_preprocessed_text:"oh is"
action classified as:Action (Goal.SPREAD_OUT), (Direction.RIGHT), (None/None) -> (None)
prepreprocessed text:"oh"
post_preprocessed_text:"oh"
action classified as:Action (Goal.SPREAD_OUT), (Direction.RIGHT), (None/None) -> (None)
spread out match: ('spread out', 21)
prepreprocessed text:"q6 to q17"
post_preprocessed_text:"q6 to q17"
action classified as:Action (Goal.SPREAD_OUT), (None), (Point: 6, 16/None) -> (Point: 17, 16)
spread out match: ('spread out', 0)
prepreprocessed text:"q16"
post_preprocessed_text:"q16"
action classified as:Action (Goal.MOVE), (None), (None/None) -> (Point: 16, 16)
spread out match: ('spread out', 21)
prepreprocessed text:"q6 to q16"
post_preprocessed_text:"q6 to q16"
action classified as:Action (Goal.SPREAD_OUT), (None), (Point: 6, 16/None) -> (Point: 16, 16)
spread out match: ('spread out', 45)
prepreprocessed text:"reprocessed text"
post_preprocessed_text:"reprocessed text"
action classified as:Action (Goal.SPREAD_OUT), (Direction.LEFT), (None/None) -> (None)
spread out match: ('spread out', 15)
prepreprocessed text:"q6 q16"
post_preprocessed_text:"q6 q16"
action classified as:Action (Goal.SPREAD_OUT), (None), (Point: 6, 16/None) -> (Point: 16, 16)
spread out match: ('spread out', 100)
prepreprocessed text:"spread out"
post_preprocessed_text:"spread out"
action classified as:Action (Goal.SPREAD_OUT), (Direction.DOWN), (None/None) -> (None)
spread out match: ('spread out', 90)
prepreprocessed text:"spread out all right so it needs to be greater than 90"
post_preprocessed_text:"spread out all right so it needs to be greater than 90"
action classified as:Action (Goal.SPREAD_OUT), (Direction.RIGHT), (None/group: 90) -> (None)
prepreprocessed text:"ask for"
post_preprocessed_text:"ask for"
action classified as:Action (Goal.MOVE), (Direction.DOWN), (None/None) -> (None)
prepreprocessed text:"all right"
post_preprocessed_text:"all right"
action classified as:Action (Goal.MOVE), (Direction.RIGHT), (None/None) -> (None)
prepreprocessed text:"S4"
post_preprocessed_text:"s4"
action classified as:Action (Goal.MOVE), (None), (None/None) -> (Point: 4, 18)
prepreprocessed text:"S4"
post_preprocessed_text:"s4"
action classified as:Action (Goal.MOVE), (None), (None/None) -> (Point: 4, 18)
prepreprocessed text:"spread out"
post_preprocessed_text:"spread out"
action classified as:Action (Goal.SPREAD_OUT), (Direction.DOWN), (None/None) -> (None)
prepreprocessed text:"spread out"
post_preprocessed_text:"spread out"
action classified as:Action (Goal.SPREAD_OUT), (Direction.DOWN), (None/None) -> (None)
prepreprocessed text:"nothing"
post_preprocessed_text:"nothing"
action classified as:Action (Goal.MOVE), (Direction.LEFT), (None/None) -> (None)
prepreprocessed text:"head out"
post_preprocessed_text:"head out"
action classified as:Action (Goal.MOVE), (Direction.DOWN), (None/None) -> (None)
prepreprocessed text:"spread out"
post_preprocessed_text:"spread out"
action classified as:Action (Goal.SPREAD_OUT), (Direction.DOWN), (None/None) -> (None)
prepreprocessed text:"before H4"
post_preprocessed_text:"before h4"
action classified as:Action (Goal.MOVE), (None), (None/None) -> (Point: 4, 7)
prepreprocessed text:"spread out"
post_preprocessed_text:"spread out"
action classified as:Action (Goal.SPREAD_OUT), (Direction.DOWN), (None/None) -> (None)
prepreprocessed text:"H4"
post_preprocessed_text:"h4"
action classified as:Action (Goal.MOVE), (None), (None/None) -> (Point: 4, 7)
prepreprocessed text:"H3"
post_preprocessed_text:"h3"
action classified as:Action (Goal.MOVE), (None), (None/None) -> (Point: 3, 7)
prepreprocessed text:"left left"
post_preprocessed_text:"left left"
action classified as:Action (Goal.MOVE), (Direction.LEFT), (None/None) -> (None)
prepreprocessed text:"M1"
post_preprocessed_text:"m1"
action classified as:Action (Goal.MOVE), (None), (None/None) -> (Point: 1, 12)
prepreprocessed text:"m"
post_preprocessed_text:"m"
action classified as:Action (Goal.MOVE), (Direction.LEFT), (None/None) -> (None)
prepreprocessed text:"M1 to M6"
post_preprocessed_text:"m1 to m6"
action classified as:Action (Goal.MOVE), (None), (Point: 1, 12/None) -> (Point: 6, 12)
prepreprocessed text:"don't forget to"
post_preprocessed_text:"don't4get to"
action classified as:Action (Goal.MOVE), (Direction.DOWN), (None/None) -> (None)
prepreprocessed text:"accessories"
post_preprocessed_text:"accessories"
action classified as:Action (Goal.MOVE), (Direction.RIGHT), (None/None) -> (None)
prepreprocessed text:"right"
post_preprocessed_text:"right"
action classified as:Action (Goal.MOVE), (Direction.RIGHT), (None/None) -> (None)
prepreprocessed text:"what the random player put the random player in"
post_preprocessed_text:"what the rnom player put the rnom player in"
action classified as:Action (Goal.MOVE), (Direction.LEFT), (None/None) -> (None)
prepreprocessed text:"nothing fancy"
post_preprocessed_text:"nothing fancy"
action classified as:Action (Goal.MOVE), (Direction.RIGHT), (None/None) -> (None)
prepreprocessed text:"06"
post_preprocessed_text:" o6"
action classified as:Action (Goal.MOVE), (None), (None/None) -> (Point: 6, 14)
prepreprocessed text:"spread out"
post_preprocessed_text:"spread out"
action classified as:Action (Goal.SPREAD_OUT), (Direction.DOWN), (None/None) -> (None)
prepreprocessed text:"j7"
post_preprocessed_text:"j7"
action classified as:Action (Goal.MOVE), (None), (None/None) -> (Point: 7, 9)
prepreprocessed text:"he text to j7"
post_preprocessed_text:"he text to j7"
action classified as:Action (Goal.MOVE), (None), (None/None) -> (Point: 7, 9)
prepreprocessed text:"j7 up"
post_preprocessed_text:"j7 up"
action classified as:Action (Goal.MOVE), (None), (None/None) -> (Point: 7, 9)
prepreprocessed text:"and C7 up"
post_preprocessed_text:"n c7 up"
action classified as:Action (Goal.MOVE), (None), (None/None) -> (Point: 7, 2)
prepreprocessed text:"j7 to j6"
post_preprocessed_text:"j7 to j6"
action classified as:Action (Goal.MOVE), (None), (Point: 7, 9/None) -> (Point: 6, 9)
prepreprocessed text:"listen to j6 C7 to C6"
post_preprocessed_text:"listen to j6 c7 to c6"
action classified as:Action (Goal.MOVE), (None), (Point: 6, 9/None) -> (Point: 7, 2)
prepreprocessed text:"E7 to E6"
post_preprocessed_text:"e7 to e6"
action classified as:Action (Goal.MOVE), (None), (Point: 7, 4/None) -> (Point: 6, 4)
prepreprocessed text:"C7 to C6"
post_preprocessed_text:"c7 to c6"
action classified as:Action (Goal.MOVE), (None), (Point: 7, 2/None) -> (Point: 6, 2)
prepreprocessed text:"106"
post_preprocessed_text:"106"
action classified as:Action (Goal.MOVE), (Direction.LEFT), (None/group: 106) -> (None)
prepreprocessed text:"Asics to M6"
post_preprocessed_text:"asics to m6"
action classified as:Action (Goal.MOVE), (None), (None/None) -> (Point: 6, 12)
prepreprocessed text:"M6 to K8"
post_preprocessed_text:"m6 to k8"
action classified as:Action (Goal.MOVE), (None), (Point: 6, 12/None) -> (Point: 8, 10)
prepreprocessed text:"K8 to N8"
post_preprocessed_text:"k8 to n8"
action classified as:Action (Goal.MOVE), (None), (Point: 8, 10/None) -> (Point: 8, 13)
prepreprocessed text:"k-88"
post_preprocessed_text:"ka8"
action classified as:Action (Goal.MOVE), (Direction.LEFT), (None/None) -> (None)
prepreprocessed text:"K8 to h8"
post_preprocessed_text:"k8 to h8"
action classified as:Action (Goal.MOVE), (None), (Point: 8, 10/None) -> (Point: 8, 7)
prepreprocessed text:"88 M8 to h8"
post_preprocessed_text:"a8 m8 to h8"
action classified as:Action (Goal.MOVE), (None), (Point: 8, 0/None) -> (Point: 8, 12)
prepreprocessed text:"M8 to h8"
post_preprocessed_text:"m8 to h8"
action classified as:Action (Goal.MOVE), (None), (Point: 8, 12/None) -> (Point: 8, 7)
prepreprocessed text:"hh5 and H5"
post_preprocessed_text:"hh5 n h5"
action classified as:Action (Goal.MOVE), (None), (None/None) -> (Point: 5, 7)
prepreprocessed text:"65 to G5 H5 to G5"
post_preprocessed_text:"65 to g5 h5 to g5"
action classified as:Action (Goal.MOVE), (None), (Point: 5, 6/group: 65) -> (Point: 5, 7)
prepreprocessed text:"G5"
post_preprocessed_text:"g5"
action classified as:Action (Goal.MOVE), (None), (None/None) -> (Point: 5, 6)
prepreprocessed text:"G5"
post_preprocessed_text:"g5"
action classified as:Action (Goal.MOVE), (None), (None/None) -> (Point: 5, 6)
prepreprocessed text:"text"
post_preprocessed_text:"text"
action classified as:Action (Goal.MOVE), (Direction.LEFT), (None/None) -> (None)
prepreprocessed text:"G6"
post_preprocessed_text:"g6"
action classified as:Action (Goal.MOVE), (None), (None/None) -> (Point: 6, 6)
prepreprocessed text:"C5 to"
post_preprocessed_text:"c5 to"
action classified as:Action (Goal.MOVE), (None), (None/None) -> (Point: 5, 2)
prepreprocessed text:"C5 to"
post_preprocessed_text:"c5 to"
action classified as:Action (Goal.MOVE), (None), (None/None) -> (Point: 5, 2)
prepreprocessed text:"C5 to G6"
post_preprocessed_text:"c5 to g6"
action classified as:Action (Goal.MOVE), (None), (Point: 5, 2/None) -> (Point: 6, 6)
prepreprocessed text:"F5 to G5"
post_preprocessed_text:"f5 to g5"
action classified as:Action (Goal.MOVE), (None), (Point: 5, 5/None) -> (Point: 5, 6)
prepreprocessed text:"G6 to G5"
post_preprocessed_text:"g6 to g5"
action classified as:Action (Goal.MOVE), (None), (Point: 6, 6/None) -> (Point: 5, 6)
prepreprocessed text:"L5"
post_preprocessed_text:"l5"
action classified as:Action (Goal.MOVE), (None), (None/None) -> (Point: 5, 11)
prepreprocessed text:"spell sex"
post_preprocessed_text:"spell sex"
action classified as:Action (Goal.MOVE), (Direction.UP), (None/None) -> (None)
prepreprocessed text:"up"
post_preprocessed_text:"up"
action classified as:Action (Goal.MOVE), (Direction.UP), (None/None) -> (None)
prepreprocessed text:"l0"
post_preprocessed_text:"l0"
action classified as:Action (Goal.MOVE), (None), (None/None) -> (Point: 0, 11)
prepreprocessed text:"q0"
post_preprocessed_text:"q0"
action classified as:Action (Goal.MOVE), (None), (None/None) -> (Point: 0, 16)
prepreprocessed text:"q1"
post_preprocessed_text:"q1"
action classified as:Action (Goal.MOVE), (None), (None/None) -> (Point: 1, 16)
prepreprocessed text:"R1"
post_preprocessed_text:"r1"
action classified as:Action (Goal.MOVE), (None), (None/None) -> (Point: 1, 17)
prepreprocessed text:"S1"
post_preprocessed_text:"s1"
action classified as:Action (Goal.MOVE), (None), (None/None) -> (Point: 1, 18)
prepreprocessed text:"s0"
post_preprocessed_text:"s0"
action classified as:Action (Goal.MOVE), (None), (None/None) -> (Point: 0, 18)
prepreprocessed text:"hello beautiful"
post_preprocessed_text:"hello beautiful"
action classified as:Action (Goal.MOVE), (Direction.UP), (None/None) -> (None)
prepreprocessed text:"B6"
post_preprocessed_text:"b6"
action classified as:Action (Goal.MOVE), (None), (None/None) -> (Point: 6, 1)
prepreprocessed text:"B6"
post_preprocessed_text:"b6"
action classified as:Action (Goal.MOVE), (None), (None/None) -> (Point: 6, 1)
