action destination c: 9
current_point.c: 12
action.destination.c: 9
down
down
down
Moving from Point: 14, 5 to Point: 14, 4
Moving from Point: 14, 4 to Point: 15, 4
Moving from Point: 14, 5 to Point: 14, 4
Moving from Point: 14, 4 to Point: 14, 3
Moving from Point: 14, 5 to Point: 14, 6
Moving from Point: 14, 5 to Point: 14, 6
Moving from Point: 14, 5 to Point: 14, 4
Moving from Point: 14, 4 to Point: 14, 5
Moving from Point: 15, 16 to Point: 15, 15
Moving from Point: 15, 15 to Point: 15, 14
Moving from Point: 15, 16 to Point: 14, 16
Moving from Point: 14, 16 to Point: 14, 15
Moving from Point: 18, 20 to Point: 17, 20
Moving from Point: 17, 20 to Point: 17, 19
Moving from Point: 17, 19 to Point: 17, 18
Moving from Point: 17, 18 to Point: 17, 17
Moving from Point: 17, 17 to Point: 17, 16
Moving from Point: 17, 16 to Point: 17, 15
Moving from Point: 17, 15 to Point: 17, 14
Moving from Point: 17, 14 to Point: 17, 13
Moving from Point: 17, 13 to Point: 17, 12
Moving from Point: 17, 12 to Point: 17, 11
Moving from Point: 17, 11 to Point: 17, 10
Moving from Point: 17, 10 to Point: 17, 9
Moving from Point: 18, 20 to Point: 18, 19
Moving from Point: 18, 20 to Point: 18, 19
Moving from Point: 18, 19 to Point: 18, 18
Moving from Point: 18, 18 to Point: 18, 17
Moving from Point: 18, 17 to Point: 18, 16
Moving from Point: 18, 16 to Point: 18, 15
Moving from Point: 18, 15 to Point: 18, 14
Moving from Point: 18, 14 to Point: 18, 13
Moving from Point: 18, 13 to Point: 18, 12
Moving from Point: 18, 12 to Point: 18, 11
Moving from Point: 18, 11 to Point: 18, 10
Moving from Point: 18, 10 to Point: 18, 9
Moving from Point: 18, 9 to Point: 18, 8
Moving from Point: 18, 8 to Point: 18, 7
Moving from Point: 18, 7 to Point: 18, 6
Moving from Point: 18, 6 to Point: 18, 5
Moving from Point: 18, 5 to Point: 18, 4
Moving from Point: 18, 4 to Point: 18, 3
Moving from Point: 18, 3 to Point: 18, 2
Moving from Point: 18, 2 to Point: 18, 1
Moving from Point: 18, 1 to Point: 18, 0
Moving from Point: 18, 20 to Point: 17, 20
Moving from Point: 17, 20 to Point: 17, 19
Moving from Point: 17, 19 to Point: 17, 18
Moving from Point: 17, 18 to Point: 17, 17
Moving from Point: 17, 17 to Point: 17, 16
Moving from Point: 17, 16 to Point: 17, 15
Moving from Point: 17, 15 to Point: 17, 14
Moving from Point: 17, 14 to Point: 17, 13
Moving from Point: 17, 13 to Point: 17, 12
Moving from Point: 17, 12 to Point: 17, 11
Moving from Point: 17, 11 to Point: 17, 10
Moving from Point: 17, 10 to Point: 17, 9
Moving from Point: 17, 18 to Point: 17, 17
Moving from Point: 17, 10 to Point: 18, 10
Moving from Point: 18, 10 to Point: 18, 9
Moving from Point: 18, 9 to Point: 18, 8
Moving from Point: 18, 8 to Point: 18, 7
Moving from Point: 18, 7 to Point: 18, 6
Moving from Point: 18, 6 to Point: 18, 5
Moving from Point: 18, 5 to Point: 18, 4
Moving from Point: 18, 4 to Point: 18, 3
Moving from Point: 18, 3 to Point: 18, 2
Moving from Point: 18, 2 to Point: 18, 1
Moving from Point: 18, 1 to Point: 18, 0
Moving from Point: 18, 0 to Point: 18, -1
Moving from Point: 18, 0 to Point: 18, 1
Moving from Point: 18, 0 to Point: 18, -1
Moving from Point: 18, 0 to Point: 19, 0
Moving from Point: 18, 0 to Point: 18, -1
Moving from Point: 2, 8 to Point: 3, 8
Moving from Point: 3, 8 to Point: 3, 7
Moving from Point: 3, 7 to Point: 3, 6
Moving from Point: 3, 6 to Point: 3, 5
Moving from Point: 3, 5 to Point: 3, 4
Moving from Point: 3, 4 to Point: 3, 3
