listening...
could not recognize text

listening...
could not recognize text

listening...
could not recognize text

listening...
got text: 100
listening...
could not recognize text

listening...
got text: the 300
listening...
could not recognize text

listening...
could not recognize text
listening timed out while waiting for phrase to start
listening...
could not recognize text

listening...
could not recognize text

listening...
could not recognize text

listening...
could not recognize text

listening...
could not recognize text

listening...
could not recognize text

listening...
could not recognize text

listening...
got text: person that you start to cry
listening...
could not recognize text

listening...
listening...
could not recognize text

listening...
could not recognize text

listening...
got text: P2
listening...
got text: P2
listening...
got text: P2
listening...
got text: key to
listening...
got text: P2
listening...
could not recognize text

listening...
could not recognize text

listening...
could not recognize text

listening...
got text: move the 15 to
listening...
could not recognize text

listening...
could not recognize text

listening...
got text: move the 10 to n6
listening...
listening...
could not recognize text

listening...
got text: move the 10 to g16
listening...
could not recognize text

listening...
got text: move the five to
listening...
could not recognize text

listening...
could not recognize text

listening...
got text: 05 to Q2
listening...
could not recognize text

listening...
got text: move the five
listening...
listening...
could not recognize text

listening...
got text: move the five to S5
listening...
could not recognize text

listening...
got text: move the five to B1
listening...
could not recognize text

listening...
got text: move the 10 to A2
listening...
could not recognize text

listening...
got text: move the 10 to M12
listening...
could not recognize text

listening...
got text: move the three to
listening...
could not recognize text

listening...
got text: move the three to
listening...
could not recognize text

listening...
could not recognize text

listening...
could not recognize text

listening...
got text: three to q12
listening...
could not recognize text

listening...
could not recognize text

listening...
could not recognize text

listening...
could not recognize text

listening...
could not recognize text

listening...
could not recognize text

listening...
got text: move the 20 to
listening...
could not recognize text

listening...
could not recognize text

listening...
got text: to n6
listening...
could not recognize text

listening...
got text: 22n6
listening...
could not recognize text

listening...
got text: move the three up
listening...
got text: move the three down
listening...
got text: move the two up
listening...
could not recognize text
listening timed out while waiting for phrase to start
listening...
could not recognize text

listening...
got text: move the 30 left
listening...
could not recognize text
listening timed out while waiting for phrase to start
listening...
got text: 30 to K12
listening...
could not recognize text

listening...
could not recognize text

listening...
got text: that's
listening...
could not recognize text

listening...
could not recognize text

listening...
could not recognize text

listening...
listening...
could not recognize text

listening...
could not recognize text

listening...
got text: move the 10 up
listening...
got text: no it's a
listening...
could not recognize text

listening...
could not recognize text

listening...
got text: and zero
listening...
could not recognize text

listening...
could not recognize text

listening...
could not recognize text

listening...
could not recognize text

listening...
could not recognize text

listening...
could not recognize text

listening...
could not recognize text

listening...
could not recognize text

listening...
could not recognize text

listening...
got text: E9
listening...
could not recognize text

listening...
listening...
could not recognize text

listening...
could not recognize text

listening...
could not recognize text

listening...
could not recognize text

listening...
could not recognize text

listening...
could not recognize text

listening...
got text: d0
listening...
could not recognize text

listening...
got text: g0
listening...
could not recognize text

listening...
got text: 15 to H4
listening...
got text: move
listening...
got text: 284
listening...
got text: the 15 to H4
listening...
got text: 19 to H4
listening...
got text: okay so that's going to have
listening...
got text: number we have to handle
listening...
could not recognize text

listening...
could not recognize text

listening...
could not recognize text

listening...
could not recognize text

listening...
could not recognize text

listening...
could not recognize text
listening timed out while waiting for phrase to start
listening...
could not recognize text

listening...
could not recognize text

listening...
could not recognize text

listening...
could not recognize text

listening...
could not recognize text
listening timed out while waiting for phrase to start
listening...
could not recognize text

listening...
could not recognize text

listening...
could not recognize text

listening...
could not recognize text

listening...
could not recognize text

listening...
could not recognize text

listening...
could not recognize text

listening...
could not recognize text

listening...
could not recognize text

listening...
got text: and just can't be
listening...
got text: letter
listening...
could not recognize text

listening...
got text: other animal like it I think it's
listening...
could not recognize text

listening...
got text: word character
listening...
could not recognize text

listening...
could not recognize text

listening...
listening...
could not recognize text

listening...
could not recognize text

listening...
could not recognize text

listening...
could not recognize text

listening...
could not recognize text

listening...
could not recognize text

listening...
got text: 13 to e0
listening...
could not recognize text

listening...
could not recognize text

listening...
could not recognize text

listening...
got text: 10 to E9
listening...
could not recognize text

listening...
could not recognize text

listening...
got text: so it said this bit here
listening...
could not recognize text

listening...
could not recognize text

listening...
could not recognize text

listening...
could not recognize text

listening...
could not recognize text

listening...
could not recognize text

listening...
could not recognize text

listening...
could not recognize text

listening...
listening...
could not recognize text

listening...
could not recognize text

listening...
could not recognize text

listening...
could not recognize text

listening...
got text: c0
listening...
got text: c0
listening...
could not recognize text

listening...
could not recognize text

listening...
could not recognize text

listening...
got text: two down
listening...
got text: two down
listening...
got text: 14 down
listening...
got text: 2
listening...
got text: 28 c0
listening...
could not recognize text

listening...
could not recognize text

listening...
got text: move the
listening...
got text: move the
listening...
could not recognize text

listening...
got text: do down
listening...
could not recognize text

listening...
got text: move the 29 right
listening...
got text: move the
listening...
could not recognize text

listening...
could not recognize text

listening...
got text: two down
listening...
got text: send the group of 33
listening...
got text: send the
listening...
got text: three units to j0
listening...
got text: it's just like
listening...
listening...
listening...
got text: what
listening...
got text: left move left
listening...
got text: move left
listening...
could not recognize text

listening...
got text: go to B8
listening...
could not recognize text

listening...
got text: go to B7
listening...
could not recognize text

listening...
got text: C2
listening...
got text: okay
listening...
could not recognize text

listening...
could not recognize text

listening...
listening...
got text: D15
listening...
got text: spread out
listening...
could not recognize text

listening...
got text: spread out
listening...
got text: spread out
listening...
could not recognize text

listening...
could not recognize text

listening...
could not recognize text

listening...
could not recognize text

listening...
could not recognize text

listening...
listening...
got text: easier
listening...
got text: easier
listening...
could not recognize text

listening...
got text: e0
listening...
could not recognize text

listening...
got text: spread out
listening...
listening...
got text: q14
listening...
could not recognize text

listening...
could not recognize text

listening...
got text: spread out spread out
listening...
got text: spread out
listening...
could not recognize text

listening...
could not recognize text

listening...
could not recognize text

listening...
could not recognize text

listening...
could not recognize text

listening...
could not recognize text

listening...
could not recognize text

listening...
could not recognize text

listening...
could not recognize text

listening...
could not recognize text

listening...
listening...
got text: F10
listening...
could not recognize text

listening...
got text: S10
listening...
got text: moved to S10
listening...
got text: my goodness
listening...
could not recognize text

listening...
got text: spread out
listening...
could not recognize text

listening...
could not recognize text

listening...
got text: oh right
listening...
listening...
could not recognize text

listening...
could not recognize text

listening...
got text: c16
listening...
got text: oh right
listening...
got text: 06
listening...
could not recognize text

listening...
got text: spread out
listening...
could not recognize text

listening...
could not recognize text

listening...
could not recognize text

listening...
listening...
got text: spread out
listening...
could not recognize text

listening...
could not recognize text

listening...
listening...
could not recognize text

listening...
got text: j14
listening...
got text: j14 spread out
listening...
got text: spread out
listening...
got text: spread out
listening...
got text: okay
listening...
got text: 14 to g12 G13 to
listening...
got text: oh is
listening...
got text: oh
listening...
could not recognize text

listening...
could not recognize text

listening...
could not recognize text

listening...
could not recognize text

listening...
could not recognize text

listening...
could not recognize text

listening...
could not recognize text

listening...
could not recognize text

listening...
could not recognize text

listening...
could not recognize text

listening...
listening...
could not recognize text

listening...
could not recognize text

listening...
got text: q6 to q17
listening...
could not recognize text

listening...
could not recognize text

listening...
could not recognize text

listening...
could not recognize text

listening...
could not recognize text

listening...
got text: q16
listening...
could not recognize text

listening...
got text: q6 to q16
listening...
could not recognize text

listening...
got text: reprocessed text
listening...
got text: q6 q16
listening...
could not recognize text

listening...
got text: spread out
listening...
got text: spread out all right so it needs to be greater than 90
listening...
could not recognize text

listening...
could not recognize text

listening...
could not recognize text

listening...
could not recognize text

listening...
listening...
could not recognize text

listening...
could not recognize text

listening...
got text: ask for
listening...
could not recognize text

listening...
got text: all right
listening...
could not recognize text

listening...
could not recognize text

listening...
could not recognize text

listening...
listening...
got text: S4
listening...
got text: S4
listening...
got text: spread out
listening...
got text: spread out
listening...
could not recognize text

listening...
got text: nothing
listening...
got text: head out
listening...
could not recognize text

listening...
could not recognize text

listening...
listening...
got text: spread out
listening...
could not recognize text

listening...
got text: before H4
listening...
could not recognize text

listening...
got text: spread out
listening...
could not recognize text

listening...
got text: H4
listening...
got text: H3
listening...
could not recognize text

listening...
could not recognize text

listening...
listening...
could not recognize text

listening...
could not recognize text

listening...
got text: left left
listening...
got text: M1
listening...
could not recognize text

listening...
could not recognize text

listening...
got text: m
listening...
got text: M1 to M6
listening...
could not recognize text

listening...
could not recognize text

listening...
could not recognize text

listening...
could not recognize text

listening...
could not recognize text

listening...
could not recognize text

listening...
could not recognize text

listening...
could not recognize text

listening...
could not recognize text

listening...
could not recognize text

listening...
could not recognize text

listening...
could not recognize text

listening...
could not recognize text

listening...
could not recognize text

listening...
could not recognize text

listening...
could not recognize text

listening...
could not recognize text

listening...
could not recognize text

listening...
could not recognize text

listening...
could not recognize text

listening...
could not recognize text

listening...
could not recognize text

listening...
could not recognize text

listening...
could not recognize text

listening...
listening...
could not recognize text

listening...
could not recognize text

listening...
could not recognize text

listening...
got text: don't forget to
listening...
could not recognize text

listening...
could not recognize text

listening...
got text: accessories
listening...
could not recognize text

listening...
could not recognize text

listening...
could not recognize text

listening...
could not recognize text

listening...
could not recognize text

listening...
could not recognize text

listening...
could not recognize text

listening...
could not recognize text

listening...
could not recognize text

listening...
could not recognize text

listening...
could not recognize text

listening...
could not recognize text

listening...
could not recognize text

listening...
could not recognize text

listening...
could not recognize text

listening...
could not recognize text

listening...
could not recognize text

listening...
could not recognize text

listening...
could not recognize text

listening...
could not recognize text

listening...
could not recognize text

listening...
could not recognize text

listening...
could not recognize text

listening...
could not recognize text

listening...
could not recognize text

listening...
could not recognize text

listening...
could not recognize text

listening...
could not recognize text

listening...
could not recognize text

listening...
could not recognize text

listening...
could not recognize text

listening...
could not recognize text

listening...
could not recognize text

listening...
could not recognize text

listening...
could not recognize text

listening...
could not recognize text

listening...
could not recognize text

listening...
could not recognize text

listening...
could not recognize text

listening...
could not recognize text

listening...
listening...
could not recognize text

listening...
could not recognize text

listening...
got text: right
listening...
could not recognize text

listening...
got text: what the random player put the random player in
listening...
got text: nothing fancy
listening...
could not recognize text

listening...
could not recognize text

listening...
could not recognize text

listening...
could not recognize text

listening...
listening...
listening...
could not recognize text

listening...
could not recognize text

listening...
got text: 06
listening...
could not recognize text

listening...
got text: spread out
listening...
could not recognize text

listening...
could not recognize text

listening...
got text: j7
listening...
could not recognize text

listening...
got text: he text to j7
listening...
could not recognize text

listening...
got text: j7 up
listening...
got text: and C7 up
listening...
got text: j7 to j6
listening...
got text: listen to j6 C7 to C6
listening...
could not recognize text

listening...
got text: E7 to E6
listening...
got text: C7 to C6
listening...
could not recognize text

listening...
got text: 106
listening...
got text: Asics to M6
listening...
could not recognize text

listening...
could not recognize text

listening...
got text: M6 to K8
listening...
got text: K8 to N8
listening...
got text: k-88
listening...
got text: K8 to h8
listening...
could not recognize text

listening...
got text: 88 M8 to h8
listening...
could not recognize text

listening...
got text: M8 to h8
listening...
could not recognize text

listening...
got text: hh5 and H5
listening...
could not recognize text

listening...
got text: 65 to G5 H5 to G5
listening...
got text: G5
listening...
got text: G5
listening...
could not recognize text

listening...
got text: text
listening...
got text: G6
listening...
could not recognize text

listening...
got text: C5 to
listening...
got text: C5 to
listening...
got text: C5 to G6
listening...
could not recognize text

listening...
got text: F5 to G5
listening...
got text: G6 to G5
listening...
could not recognize text

listening...
got text: L5
listening...
got text: spell sex
listening...
could not recognize text

listening...
could not recognize text

listening...
could not recognize text

listening...
could not recognize text

listening...
could not recognize text

listening...
could not recognize text

listening...
could not recognize text

listening...
could not recognize text

listening...
could not recognize text

listening...
could not recognize text

listening...
could not recognize text

listening...
could not recognize text

listening...
got text: up
listening...
could not recognize text

listening...
could not recognize text

listening...
could not recognize text

listening...
got text: l0
listening...
got text: q0
listening...
got text: q1
listening...
got text: R1
listening...
got text: S1
listening...
got text: s0
listening...
got text: hello beautiful
listening...
could not recognize text

listening...
listening...
could not recognize text

listening...
could not recognize text

listening...
could not recognize text

listening...
could not recognize text

listening...
got text: B6
listening...
got text: B6
listening...
could not recognize text

listening...
could not recognize text

listening...
could not recognize text

listening...
could not recognize text

listening...
could not recognize text

listening...
